{"level":"info","message":"server is listening at 8000...","service":"user-service"}
{"level":"error","message":"server is listening at 8000...","service":"user-service"}
{"level":"error","message":"server is listening at 8000...","service":"user-service"}
{"level":"error","message":"server is listening at 8000...","service":"user-service"}
{"level":"error","message":"server is listening at 8000...","service":"user-service"}
{"level":"error","message":"server is listening at 8000...","service":"user-service"}
{"level":"error","message":"server is listening at 8000...","service":"user-service"}
{"level":"error","message":"server is listening at 8000..."}
{"level":"error","message":"server is listening at 8000..."}
{"level":"info","message":"server is listening at 8000..."}
{"level":"error","message":"server is listening at 8000..."}
{"level":"error","message":"server is listening at 8000..."}
{"level":"info","message":"server is listening at 8000..."}
{"level":"info","message":"server is listening at 8000..."}
{"level":"info","message":"server is listening at 8000..."}
{"level":"info","message":"server is listening at 8000..."}
{"level":"info","message":"server is listening at 8000..."}
{"level":"info","message":"server is listening at 8000..."}
{"level":"info","message":"server is listening at 8000..."}
{"level":"info","message":"server is listening at 8000..."}
{"level":"info","message":"pid is 32244"}
{"level":"info","message":"server is listening at 8000..."}
{"level":"info","message":"pid is 16152"}
{"level":"info","message":"server is listening at 8000..."}
{"level":"info","message":"pid is 624"}
{"level":"info","message":"server is listening at 8000..."}
{"level":"info","message":"pid is 10492"}
{"level":"info","message":"server is listening at 8000..."}
{"level":"info","message":"pid is 20708"}
{"level":"info","message":"server is listening at 8000..."}
{"level":"info","message":"pid is 25932"}
{"level":"info","message":"server is listening at 8000..."}
{"level":"info","message":"pid is 34080"}
{"level":"info","message":"server is listening at 8000..."}
{"level":"info","message":"pid is 28972"}
{"level":"info","message":"server is listening at 8000..."}
{"level":"info","message":"pid is 34432"}
{"level":"info","message":"server is listening at 8000..."}
{"level":"info","message":"pid is 30764"}
{"level":"info","message":"server is listening at 8000..."}
{"level":"info","message":"pid is 26820"}
{"level":"info","message":"server is listening at 8000..."}
{"level":"info","message":"pid is 37576"}
{"level":"info","message":"server is listening at 8000..."}
{"level":"info","message":"pid is 27628"}
{"level":"info","message":"server is listening at 8000..."}
{"level":"info","message":"pid is 23368"}
